
2018-12-23 16:43:08 info: /
2018-12-23 16:43:09 info: /aside/categories
2018-12-23 16:43:09 info: /aside/posts/group
2018-12-23 16:43:09 info: /aside/posts/views
2018-12-23 16:43:35 info: /blog/News/smallholder-farmers-to-enjoy-improved-livelihood-%E2%80%94ogbeh
2018-12-23 16:43:35 info: /aside/categories
2018-12-23 16:43:35 info: /aside/posts/group
2018-12-23 16:43:35 info: /aside/posts/views
2018-12-23 16:44:46 info: /blog/posts/Admissions
2018-12-23 16:44:47 info: /aside/categories
2018-12-23 16:44:47 info: /aside/posts/group
2018-12-23 16:44:47 info: /aside/posts/views
2018-12-23 16:52:32 info: /blog/Admissions/osun-state-university,-osogbo-2018-pre-degree-admission-screening-exercise
2018-12-23 16:52:33 info: /aside/categories
2018-12-23 16:52:33 info: /aside/posts/group
2018-12-23 16:52:33 info: /aside/posts/views
2018-12-23 16:52:35 info: /contact
2018-12-23 16:52:35 info: /aside/categories
2018-12-23 16:52:35 info: /aside/posts/group
2018-12-23 16:52:35 info: /aside/posts/views
2018-12-23 16:52:54 info: /disclaimer
2018-12-23 16:52:54 info: /aside/categories
2018-12-23 16:52:54 info: /aside/posts/group
2018-12-23 16:52:54 info: /aside/posts/views
